c:\users\cpy\desktop\科林明伦\网络\network_3_01imserver\network_3_01imserver\network_3_01imserver\x64\debug\vc142.pdb
c:\users\cpy\desktop\科林明伦\网络\network_3_01imserver\network_3_01imserver\network_3_01imserver\x64\debug\vc142.idb
c:\users\cpy\desktop\科林明伦\网络\network_3_01imserver\network_3_01imserver\network_3_01imserver\x64\debug\udp.obj
c:\users\cpy\desktop\科林明伦\网络\network_3_01imserver\network_3_01imserver\network_3_01imserver\x64\debug\tcpserver.obj
c:\users\cpy\desktop\科林明伦\网络\network_3_01imserver\network_3_01imserver\network_3_01imserver\x64\debug\tcpclient.obj
c:\users\cpy\desktop\科林明伦\网络\network_3_01imserver\network_3_01imserver\network_3_01imserver\x64\debug\network_3_01_imserver.obj
c:\users\cpy\desktop\科林明伦\网络\network_3_01imserver\network_3_01imserver\network_3_01imserver\x64\debug\cmysql.obj
c:\users\cpy\desktop\科林明伦\网络\network_3_01imserver\network_3_01imserver\network_3_01imserver\x64\debug\udpmediator.obj
c:\users\cpy\desktop\科林明伦\网络\network_3_01imserver\network_3_01imserver\network_3_01imserver\x64\debug\tcpservermediator.obj
c:\users\cpy\desktop\科林明伦\网络\network_3_01imserver\network_3_01imserver\network_3_01imserver\x64\debug\tcpclientmediator.obj
c:\users\cpy\desktop\科林明伦\网络\network_3_01imserver\network_3_01imserver\network_3_01imserver\x64\debug\ckernel.obj
c:\users\cpy\desktop\科林明伦\网络\network_3_01imserver\network_3_01imserver\x64\debug\network_3_01imserver.exe
c:\users\cpy\desktop\科林明伦\网络\network_3_01imserver\network_3_01imserver\network_3_01imserver\x64\debug\network_3_01imserver.ilk
c:\users\cpy\desktop\科林明伦\网络\network_3_01imserver\network_3_01imserver\x64\debug\network_3_01imserver.pdb
c:\users\cpy\desktop\科林明伦\网络\network_3_01imserver\network_3_01imserver\network_3_01imserver\x64\debug\network_.9c64dc7b.tlog\cl.command.1.tlog
c:\users\cpy\desktop\科林明伦\网络\network_3_01imserver\network_3_01imserver\network_3_01imserver\x64\debug\network_.9c64dc7b.tlog\cl.read.1.tlog
c:\users\cpy\desktop\科林明伦\网络\network_3_01imserver\network_3_01imserver\network_3_01imserver\x64\debug\network_.9c64dc7b.tlog\cl.write.1.tlog
c:\users\cpy\desktop\科林明伦\网络\network_3_01imserver\network_3_01imserver\network_3_01imserver\x64\debug\network_.9c64dc7b.tlog\link.command.1.tlog
c:\users\cpy\desktop\科林明伦\网络\network_3_01imserver\network_3_01imserver\network_3_01imserver\x64\debug\network_.9c64dc7b.tlog\link.read.1.tlog
c:\users\cpy\desktop\科林明伦\网络\network_3_01imserver\network_3_01imserver\network_3_01imserver\x64\debug\network_.9c64dc7b.tlog\link.write.1.tlog
