  CKernel.cpp
C:\Users\CPY\Desktop\科林明伦\网络\network_3_01IMServer\network_3_01IMServer\network_3_01IMServer\CKernel.cpp(241,88): warning C4244: “参数”: 从“unsigned __int64”转换到“unsigned long”，可能丢失数据
C:\Users\CPY\Desktop\科林明伦\网络\network_3_01IMServer\network_3_01IMServer\network_3_01IMServer\CKernel.cpp(264,91): warning C4244: “参数”: 从“unsigned __int64”转换到“unsigned long”，可能丢失数据
C:\Users\CPY\Desktop\科林明伦\网络\network_3_01IMServer\network_3_01IMServer\network_3_01IMServer\CKernel.cpp(268,89): warning C4244: “参数”: 从“unsigned __int64”转换到“unsigned long”，可能丢失数据
C:\Users\CPY\Desktop\科林明伦\网络\network_3_01IMServer\network_3_01IMServer\network_3_01IMServer\CKernel.cpp(336,64): warning C4244: “参数”: 从“unsigned __int64”转换到“unsigned long”，可能丢失数据
C:\Users\CPY\Desktop\科林明伦\网络\network_3_01IMServer\network_3_01IMServer\network_3_01IMServer\CKernel.cpp(356,67): warning C4244: “参数”: 从“unsigned __int64”转换到“unsigned long”，可能丢失数据
C:\Users\CPY\Desktop\科林明伦\网络\network_3_01IMServer\network_3_01IMServer\network_3_01IMServer\CKernel.cpp(396,64): warning C4244: “参数”: 从“unsigned __int64”转换到“unsigned long”，可能丢失数据
C:\Users\CPY\Desktop\科林明伦\网络\network_3_01IMServer\network_3_01IMServer\network_3_01IMServer\CKernel.cpp(434,67): warning C4244: “参数”: 从“unsigned __int64”转换到“unsigned long”，可能丢失数据
  TcpClientMediator.cpp
  TcpServerMediator.cpp
  UdpMediator.cpp
  CMySql.cpp
  network_3_01_IMServer.cpp
  TcpClient.cpp
C:\Users\CPY\Desktop\科林明伦\网络\network_3_01IMServer\network_3_01IMServer\network_3_01IMServer\net\TcpClient.cpp(140,45): warning C4244: “参数”: 从“SOCKET”转换到“unsigned long”，可能丢失数据
  TcpServer.cpp
C:\Users\CPY\Desktop\科林明伦\网络\network_3_01IMServer\network_3_01IMServer\network_3_01IMServer\net\TcpServer.cpp(226,55): warning C4244: “参数”: 从“SOCKET”转换到“unsigned long”，可能丢失数据
  Udp.cpp
  正在生成代码...
  network_3_01IMServer.vcxproj -> C:\Users\CPY\Desktop\科林明伦\网络\network_3_01IMServer\network_3_01IMServer\x64\Debug\network_3_01IMServer.exe
